<?xml version="1.0" encoding="UTF-8"?>
<testsuite xmlns:xsi="http://www.w3.org/2001/XMLSchema-instance" xsi:noNamespaceSchemaLocation="https://maven.apache.org/surefire/maven-surefire-plugin/xsd/surefire-test-report-3.0.xsd" version="3.0" name="com.marsk.docassist.integration.DatabaseFunctionalityTest" time="5.759" tests="10" errors="0" skipped="0" failures="0">
  <properties>
[...]
</properties>
  <testcase name="testSaveDocumentToDatabase" classname="com.marsk.docassist.integration.DatabaseFunctionalityTest" time="0.482">
    <system-out><![CDATA[09:10:57.014 [main] INFO org.springframework.test.context.support.AnnotationConfigContextLoaderUtils -- Could not detect default configuration classes for test class [com.marsk.docassist.integration.DatabaseFunctionalityTest]: DatabaseFunctionalityTest does not declare any static, non-private, non-final, nested classes annotated with @Configuration.
09:10:57.092 [main] INFO org.springframework.boot.test.context.SpringBootTestContextBootstrapper -- Found @SpringBootConfiguration com.marsk.docassist.DocassistApplication for test class com.marsk.docassist.integration.DatabaseFunctionalityTest
09:10:57.231 [main] INFO org.springframework.boot.devtools.restart.RestartApplicationListener -- Restart disabled due to context in which it is running

  .   ____          _            __ _ _
 /\\ / ___'_ __ _ _(_)_ __  __ _ \ \ \ \
( ( )\___ | '_ | '_| | '_ \/ _` | \ \ \ \
 \\/  ___)| |_)| | | | | || (_| |  ) ) ) )
  '  |____| .__|_| |_|_| |_\__, | / / / /
 =========|_|==============|___/=/_/_/_/
 :: Spring Boot ::                (v3.2.5)

2025-06-04 09:10:57 - 

Found multiple occurrences of org.json.JSONObject on the class path:

	jar:file:/C:/Users/marsk/.m2/repository/com/vaadin/external/google/android-json/0.0.20131108.vaadin1/android-json-0.0.20131108.vaadin1.jar!/org/json/JSONObject.class
	jar:file:/C:/Users/marsk/.m2/repository/org/json/json/20231013/json-20231013.jar!/org/json/JSONObject.class

You may wish to exclude one of them to ensure predictable runtime behavior

2025-06-04 09:10:57 - Starting DatabaseFunctionalityTest using Java 21.0.7 with PID 15428 (started by marsk in C:\Users\marsk\Documents\Java\docassist)
2025-06-04 09:10:57 - Running with Spring Boot v3.2.5, Spring v6.1.6
2025-06-04 09:10:57 - The following 1 profile is active: "test"
2025-06-04 09:10:59 - HikariPool-1 - Starting...
2025-06-04 09:10:59 - HikariPool-1 - Added connection conn0: url=jdbc:h2:mem:testdb user=SA
2025-06-04 09:10:59 - HikariPool-1 - Start completed.
2025-06-04 09:10:59 - HHH90000025: H2Dialect does not need to be specified explicitly using 'hibernate.dialect' (remove the property setting and it will be selected by default)
2025-06-04 09:11:00 - Using tessdata directory: C:\Users\marsk\Documents\Java\docassist\tessdata
2025-06-04 09:11:00 - Initialized Tesseract OCR service with PSM_AUTO (3)
2025-06-04 09:11:00 - spring.jpa.open-in-view is enabled by default. Therefore, database queries may be performed during view rendering. Explicitly configure spring.jpa.open-in-view to disable this warning
2025-06-04 09:11:01 - Cannot find template location: classpath:/templates/ (please add some templates, check your Thymeleaf configuration, or set spring.thymeleaf.check-template-location=false)
2025-06-04 09:11:01 - Found matching platform from: jar:file:/C:/Users/marsk/.m2/repository/ai/djl/huggingface/tokenizers/0.26.0/tokenizers-0.26.0.jar!/native/lib/tokenizers.properties
2025-06-04 09:11:01 - Started DatabaseFunctionalityTest in 4.533 seconds (process running for 5.436)
]]></system-out>
    <system-err><![CDATA[WARNING: A Java agent has been loaded dynamically (C:\Users\marsk\.m2\repository\net\bytebuddy\byte-buddy-agent\1.14.13\byte-buddy-agent-1.14.13.jar)
WARNING: If a serviceability tool is in use, please run with -XX:+EnableDynamicAgentLoading to hide this warning
WARNING: If a serviceability tool is not in use, please run with -Djdk.instrument.traceUsage for more information
WARNING: Dynamic loading of agents will be disallowed by default in a future release
]]></system-err>
  </testcase>
  <testcase name="testRetrieveAllDocuments" classname="com.marsk.docassist.integration.DatabaseFunctionalityTest" time="0.015"/>
  <testcase name="testDatabasePersistenceAcrossOperations" classname="com.marsk.docassist.integration.DatabaseFunctionalityTest" time="0.259"/>
  <testcase name="testFindDocumentsOrderedByCreationDate" classname="com.marsk.docassist.integration.DatabaseFunctionalityTest" time="0.039"/>
  <testcase name="testRetrieveDocumentById" classname="com.marsk.docassist.integration.DatabaseFunctionalityTest" time="0.005"/>
  <testcase name="testFindDocumentsByFilename" classname="com.marsk.docassist.integration.DatabaseFunctionalityTest" time="0.019"/>
  <testcase name="testDataIntegrityValidation" classname="com.marsk.docassist.integration.DatabaseFunctionalityTest" time="0.014">
    <system-out><![CDATA[2025-06-04 09:11:02 - SQL Error: 23502, SQLState: 23502
2025-06-04 09:11:02 - NULL not allowed for column "LANGUAGE_USED"; SQL statement:
insert into ocr_documents (created_at,document_type,extracted_text,language_used,original_filename,id) values (?,?,?,?,?,default) [23502-232]
]]></system-out>
  </testcase>
  <testcase name="testLargeTextContentHandling" classname="com.marsk.docassist.integration.DatabaseFunctionalityTest" time="0.005"/>
  <testcase name="testDatabaseCleanupAndIsolation" classname="com.marsk.docassist.integration.DatabaseFunctionalityTest" time="0.014"/>
  <testcase name="testOcrServiceDatabaseIntegration" classname="com.marsk.docassist.integration.DatabaseFunctionalityTest" time="0.004">
    <system-out><![CDATA[2025-06-04 09:11:02 - Saving OCR result for file: service-test.pdf with language: eng
2025-06-04 09:11:02 - Successfully saved OCR result with ID: 18 for file: service-test.pdf
]]></system-out>
  </testcase>
</testsuite>